<?xml version="1.0" encoding="UTF-8"?>
<!-- Generated by org.testng.reporters.JUnitReportReporter -->
<testsuite hostname="DESKTOP-EKSVNDS" failures="0" tests="2" name="project.SelectBishoy" time="3.339" errors="1" timestamp="2022-08-09T10:52:38 PDT" skipped="1">
  <testcase classname="project.SelectBishoy" name="openDriver" time="3.339">
    <error message="session not created: This version of ChromeDriver only supports Chrome version 96
Current browser version is 104.0.5112.81 with binary path C:\Program Files\Google\Chrome\Application\chrome.exe
Build info: version: &#039;3.4.0&#039;, revision: &#039;unknown&#039;, time: &#039;unknown&#039;
System info: host: &#039;DESKTOP-EKSVNDS&#039;, ip: &#039;192.168.0.106&#039;, os.name: &#039;Windows 10&#039;, os.arch: &#039;amd64&#039;, os.version: &#039;10.0&#039;, java.version: &#039;11&#039;
Driver info: driver.version: ChromeDriver
remote stacktrace: Backtrace:
	Ordinal0 [0x00846903+2517251]
	Ordinal0 [0x007DF8E1+2095329]
	Ordinal0 [0x006E2848+1058888]
	Ordinal0 [0x00700B9D+1182621]
	Ordinal0 [0x006FCA60+1165920]
	Ordinal0 [0x006FA2CF+1155791]
	Ordinal0 [0x0072AAAF+1354415]
	Ordinal0 [0x0072A71A+1353498]
	Ordinal0 [0x0072639B+1336219]
	Ordinal0 [0x007027A7+1189799]
	Ordinal0 [0x00703609+1193481]
	GetHandleVerifier [0x009D5904+1577972]
	GetHandleVerifier [0x00A80B97+2279047]
	GetHandleVerifier [0x008D6D09+534521]
	GetHandleVerifier [0x008D5DB9+530601]
	Ordinal0 [0x007E4FF9+2117625]
	Ordinal0 [0x007E98A8+2136232]
	Ordinal0 [0x007E99E2+2136546]
	Ordinal0 [0x007F3541+2176321]
	BaseThreadInitThunk [0x76D4FA29+25]
	RtlGetAppContainerNamedObjectPath [0x77C27A9E+286]
	RtlGetAppContainerNamedObjectPath [0x77C27A6E+238]
" type="org.openqa.selenium.SessionNotCreatedException">
      <![CDATA[org.openqa.selenium.SessionNotCreatedException: session not created: This version of ChromeDriver only supports Chrome version 96
Current browser version is 104.0.5112.81 with binary path C:\Program Files\Google\Chrome\Application\chrome.exe
Build info: version: '3.4.0', revision: 'unknown', time: 'unknown'
System info: host: 'DESKTOP-EKSVNDS', ip: '192.168.0.106', os.name: 'Windows 10', os.arch: 'amd64', os.version: '10.0', java.version: '11'
Driver info: driver.version: ChromeDriver
remote stacktrace: Backtrace:
Ordinal0 [0x00846903+2517251]
Ordinal0 [0x007DF8E1+2095329]
Ordinal0 [0x006E2848+1058888]
Ordinal0 [0x00700B9D+1182621]
Ordinal0 [0x006FCA60+1165920]
Ordinal0 [0x006FA2CF+1155791]
Ordinal0 [0x0072AAAF+1354415]
Ordinal0 [0x0072A71A+1353498]
Ordinal0 [0x0072639B+1336219]
Ordinal0 [0x007027A7+1189799]
Ordinal0 [0x00703609+1193481]
GetHandleVerifier [0x009D5904+1577972]
GetHandleVerifier [0x00A80B97+2279047]
GetHandleVerifier [0x008D6D09+534521]
GetHandleVerifier [0x008D5DB9+530601]
Ordinal0 [0x007E4FF9+2117625]
Ordinal0 [0x007E98A8+2136232]
Ordinal0 [0x007E99E2+2136546]
Ordinal0 [0x007F3541+2176321]
BaseThreadInitThunk [0x76D4FA29+25]
RtlGetAppContainerNamedObjectPath [0x77C27A9E+286]
RtlGetAppContainerNamedObjectPath [0x77C27A6E+238]

at java.base/jdk.internal.reflect.NativeConstructorAccessorImpl.newInstance0(Native Method)
at java.base/jdk.internal.reflect.NativeConstructorAccessorImpl.newInstance(NativeConstructorAccessorImpl.java:62)
at java.base/jdk.internal.reflect.DelegatingConstructorAccessorImpl.newInstance(DelegatingConstructorAccessorImpl.java:45)
at java.base/java.lang.reflect.Constructor.newInstance(Constructor.java:490)
at org.openqa.selenium.remote.W3CHandshakeResponse.lambda$new$0(W3CHandshakeResponse.java:57)
at org.openqa.selenium.remote.W3CHandshakeResponse.lambda$getResponseFunction$2(W3CHandshakeResponse.java:104)
at org.openqa.selenium.remote.ProtocolHandshake.lambda$createSession$22(ProtocolHandshake.java:365)
at java.base/java.util.stream.ReferencePipeline$3$1.accept(ReferencePipeline.java:195)
at java.base/java.util.Spliterators$ArraySpliterator.tryAdvance(Spliterators.java:958)
at java.base/java.util.stream.ReferencePipeline.forEachWithCancel(ReferencePipeline.java:127)
at java.base/java.util.stream.AbstractPipeline.copyIntoWithCancel(AbstractPipeline.java:502)
at java.base/java.util.stream.AbstractPipeline.copyInto(AbstractPipeline.java:488)
at java.base/java.util.stream.AbstractPipeline.wrapAndCopyInto(AbstractPipeline.java:474)
at java.base/java.util.stream.FindOps$FindOp.evaluateSequential(FindOps.java:150)
at java.base/java.util.stream.AbstractPipeline.evaluate(AbstractPipeline.java:234)
at java.base/java.util.stream.ReferencePipeline.findFirst(ReferencePipeline.java:543)
at org.openqa.selenium.remote.ProtocolHandshake.createSession(ProtocolHandshake.java:368)
at org.openqa.selenium.remote.ProtocolHandshake.createSession(ProtocolHandshake.java:159)
at org.openqa.selenium.remote.HttpCommandExecutor.execute(HttpCommandExecutor.java:142)
at org.openqa.selenium.remote.service.DriverCommandExecutor.execute(DriverCommandExecutor.java:82)
at org.openqa.selenium.remote.RemoteWebDriver.execute(RemoteWebDriver.java:637)
at org.openqa.selenium.remote.RemoteWebDriver.startSession(RemoteWebDriver.java:250)
at org.openqa.selenium.remote.RemoteWebDriver.startSession(RemoteWebDriver.java:236)
at org.openqa.selenium.remote.RemoteWebDriver.<init>(RemoteWebDriver.java:137)
at org.openqa.selenium.chrome.ChromeDriver.<init>(ChromeDriver.java:184)
at org.openqa.selenium.chrome.ChromeDriver.<init>(ChromeDriver.java:171)
at org.openqa.selenium.chrome.ChromeDriver.<init>(ChromeDriver.java:124)
at project.DriverSetup.openDriver(DriverSetup.java:14)
at java.base/jdk.internal.reflect.NativeMethodAccessorImpl.invoke0(Native Method)
at java.base/jdk.internal.reflect.NativeMethodAccessorImpl.invoke(NativeMethodAccessorImpl.java:62)
at java.base/jdk.internal.reflect.DelegatingMethodAccessorImpl.invoke(DelegatingMethodAccessorImpl.java:43)
at java.base/java.lang.reflect.Method.invoke(Method.java:566)
at org.testng.internal.MethodInvocationHelper.invokeMethod(MethodInvocationHelper.java:133)
at org.testng.internal.MethodInvocationHelper.invokeMethodConsideringTimeout(MethodInvocationHelper.java:62)
at org.testng.internal.ConfigInvoker.invokeConfigurationMethod(ConfigInvoker.java:385)
at org.testng.internal.ConfigInvoker.invokeConfigurations(ConfigInvoker.java:321)
at org.testng.SuiteRunner.privateRun(SuiteRunner.java:317)
at org.testng.SuiteRunner.run(SuiteRunner.java:276)
at org.testng.SuiteRunnerWorker.runSuite(SuiteRunnerWorker.java:53)
at org.testng.SuiteRunnerWorker.run(SuiteRunnerWorker.java:96)
at org.testng.TestNG.runSuitesSequentially(TestNG.java:1212)
at org.testng.TestNG.runSuitesLocally(TestNG.java:1134)
at org.testng.TestNG.runSuites(TestNG.java:1063)
at org.testng.TestNG.run(TestNG.java:1031)
at org.testng.remote.AbstractRemoteTestNG.run(AbstractRemoteTestNG.java:115)
at org.testng.remote.RemoteTestNG.initAndRun(RemoteTestNG.java:251)
at org.testng.remote.RemoteTestNG.main(RemoteTestNG.java:77)
]]>
    </error>
  </testcase> <!-- openDriver -->
  <system-out/>
  <testcase classname="project.SelectBishoy" name="BoiBazar" time="0.000">
    <skipped/>
  </testcase> <!-- BoiBazar -->
  <system-out/>
</testsuite> <!-- project.SelectBishoy -->
